\BOOKMARK [1][-]{section.1}{\376\377\000I\000n\000t\000r\000o\000d\000u\000c\000t\000i\000o\000n\000\040\000t\000o\000\040\000S\000u\000p\000e\000r\000v\000i\000s\000e\000d\000\040\000L\000e\000a\000r\000n\000i\000n\000g}{}% 1
\BOOKMARK [2][-]{subsection.1.1}{\376\377\000D\000e\000c\000i\000s\000i\000o\000n\000\040\000T\000h\000e\000o\000r\000y}{section.1}% 2
\BOOKMARK [3][-]{subsubsection.1.1.1}{\376\377\000L\000o\000s\000s\000\040\000F\000u\000n\000c\000t\000i\000o\000n\000s}{subsection.1.1}% 3
\BOOKMARK [3][-]{subsubsection.1.1.2}{\376\377\000R\000i\000s\000k\000s}{subsection.1.1}% 4
\BOOKMARK [3][-]{subsubsection.1.1.3}{\376\377\000B\000a\000y\000e\000s\000\040\000R\000i\000s\000k}{subsection.1.1}% 5
\BOOKMARK [2][-]{subsection.1.2}{\376\377\000L\000e\000a\000r\000n\000i\000n\000g\000\040\000f\000r\000o\000m\000\040\000D\000a\000t\000a}{section.1}% 6
\BOOKMARK [3][-]{subsubsection.1.2.1}{\376\377\000L\000o\000c\000a\000l\000\040\000A\000v\000e\000r\000a\000g\000i\000n\000g\000\040\000M\000e\000t\000h\000o\000d\000s}{subsection.1.2}% 7
\BOOKMARK [3][-]{subsubsection.1.2.2}{\376\377\000E\000m\000p\000i\000r\000i\000c\000a\000l\000\040\000R\000i\000s\000k\000\040\000M\000i\000n\000i\000m\000i\000a\000t\000i\000o\000n}{subsection.1.2}% 8
\BOOKMARK [2][-]{subsection.1.3}{\376\377\000S\000t\000a\000t\000i\000s\000t\000i\000c\000a\000l\000\040\000L\000e\000a\000r\000n\000i\000n\000g\000\040\000T\000h\000e\000o\000r\000y}{section.1}% 9
\BOOKMARK [3][-]{subsubsection.1.3.1}{\376\377\000M\000e\000a\000s\000u\000r\000e\000s\000\040\000o\000f\000\040\000P\000e\000r\000f\000o\000r\000m\000a\000n\000c\000e}{subsection.1.3}% 10
\BOOKMARK [3][-]{subsubsection.1.3.2}{\376\377\000S\000o\000m\000e\000\040\000N\000o\000t\000i\000o\000n\000s\000\040\000i\000n\000\040\000L\000e\000a\000r\000n\000i\000n\000g\000\040\000P\000r\000o\000b\000l\000e\000m\000s}{subsection.1.3}% 11
\BOOKMARK [3][-]{subsubsection.1.3.3}{\376\377\000N\000o\000\040\000F\000r\000e\000e\000\040\000L\000u\000n\000c\000h\000\040\000T\000h\000e\000o\000r\000e\000m\000s}{subsection.1.3}% 12
\BOOKMARK [1][-]{section.2}{\376\377\000C\000o\000n\000v\000e\000x\000i\000f\000i\000c\000a\000t\000i\000o\000n\000\040\000o\000f\000\040\000t\000h\000e\000\040\000R\000i\000s\000k}{}% 13
\BOOKMARK [2][-]{subsection.2.1}{\376\377\000C\000o\000n\000v\000e\000x\000\040\000S\000u\000r\000r\000o\000g\000a\000t\000e\000s}{section.2}% 14
\BOOKMARK [2][-]{subsection.2.2}{\376\377\000G\000e\000o\000m\000e\000t\000r\000i\000c\000\040\000I\000n\000t\000e\000r\000p\000r\000e\000t\000a\000t\000i\000o\000n\000\040\000o\000f\000\040\000t\000h\000e\000\040\000S\000u\000p\000p\000o\000r\000t\000\040\000V\000e\000c\000t\000o\000r\000\040\000M\000a\000c\000h\000i\000n\000e}{section.2}% 15
\BOOKMARK [2][-]{subsection.2.3}{\376\377\000C\000o\000n\000d\000i\000t\000i\000o\000n\000a\000l\000\040\000S\000u\000r\000r\000o\000g\000a\000t\000e\000\040\000R\000i\000s\000k\000\040\000a\000n\000d\000\040\000C\000l\000a\000s\000s\000i\000f\000i\000c\000a\000t\000i\000o\000n\000\040\000C\000a\000l\000i\000b\000r\000a\000t\000i\000o\000n}{section.2}% 16
\BOOKMARK [2][-]{subsection.2.4}{\376\377\000R\000e\000l\000a\000t\000i\000o\000n\000s\000h\000i\000p\000\040\000b\000e\000t\000w\000e\000e\000n\000\040\000R\000i\000s\000k\000\040\000a\000n\000d\000\040\000S\000u\000r\000r\000o\000g\000a\000t\000e\000\040\000R\000i\000s\000k}{section.2}% 17
\BOOKMARK [2][-]{subsection.2.5}{\376\377\000I\000m\000p\000a\000c\000t\000\040\000o\000n\000\040\000A\000p\000p\000r\000o\000x\000i\000m\000a\000t\000i\000o\000n\000\040\000E\000r\000r\000o\000r\000s}{section.2}% 18
\BOOKMARK [1][-]{section.3}{\376\377\000E\000m\000p\000i\000r\000i\000c\000a\000l\000\040\000R\000i\000s\000k\000\040\000M\000i\000n\000i\000m\000i\000z\000a\000t\000i\000o\000n}{}% 19
\BOOKMARK [2][-]{subsection.3.1}{\376\377\000R\000i\000s\000k\000\040\000M\000i\000n\000i\000m\000i\000z\000a\000t\000i\000o\000n\000\040\000D\000e\000c\000o\000m\000p\000o\000s\000i\000t\000i\000o\000n}{section.3}% 20
\BOOKMARK [2][-]{subsection.3.2}{\376\377\000A\000p\000p\000r\000o\000x\000i\000m\000a\000t\000i\000o\000n\000\040\000E\000r\000r\000o\000r}{section.3}% 21
\BOOKMARK [2][-]{subsection.3.3}{\376\377\000E\000s\000t\000i\000m\000a\000t\000i\000o\000n\000\040\000E\000r\000r\000o\000r}{section.3}% 22
\BOOKMARK [3][-]{subsubsection.3.3.1}{\376\377\000U\000n\000i\000f\000o\000r\000m\000\040\000D\000e\000v\000i\000a\000t\000i\000o\000n\000\040\000f\000r\000o\000m\000\040\000E\000x\000p\000e\000c\000t\000a\000t\000i\000o\000n}{subsection.3.3}% 23
\BOOKMARK [3][-]{subsubsection.3.3.2}{\376\377\000L\000i\000n\000e\000a\000r\000\040\000H\000y\000p\000o\000t\000h\000e\000s\000i\000s\000\040\000S\000p\000a\000c\000e}{subsection.3.3}% 24
\BOOKMARK [3][-]{subsubsection.3.3.3}{\376\377\000F\000i\000n\000i\000t\000e\000\040\000H\000y\000p\000o\000t\000h\000e\000s\000i\000s\000\040\000S\000p\000a\000c\000e}{subsection.3.3}% 25
\BOOKMARK [3][-]{subsubsection.3.3.4}{\376\377\000B\000e\000y\000o\000n\000d\000\040\000t\000h\000e\000\040\000F\000i\000n\000i\000t\000e\000\040\000H\000y\000p\000o\000t\000h\000e\000s\000i\000s\000\040\000S\000p\000a\000c\000e}{subsection.3.3}% 26
\BOOKMARK [1][-]{section.4}{\376\377\000P\000A\000C\000\040\000L\000e\000a\000r\000n\000i\000n\000g\000\040\000a\000n\000d\000\040\000U\000n\000i\000f\000o\000r\000m\000\040\000C\000o\000n\000v\000e\000r\000g\000e\000n\000c\000e}{}% 27
\BOOKMARK [2][-]{subsection.4.1}{\376\377\000P\000A\000C\000\040\000L\000e\000a\000r\000n\000i\000n\000g}{section.4}% 28
\BOOKMARK [2][-]{subsection.4.2}{\376\377\000A\000g\000n\000o\000s\000t\000i\000c\000\040\000P\000A\000C\000\040\000L\000e\000a\000r\000n\000i\000n\000g}{section.4}% 29
\BOOKMARK [2][-]{subsection.4.3}{\376\377\000U\000n\000i\000f\000o\000r\000m\000\040\000C\000o\000n\000v\000e\000r\000g\000e\000n\000c\000e}{section.4}% 30
\BOOKMARK [1][-]{section.5}{\376\377\000R\000a\000d\000e\000m\000a\000c\000h\000e\000r\000\040\000C\000o\000m\000p\000l\000e\000x\000i\000t\000y}{}% 31
\BOOKMARK [2][-]{subsection.5.1}{\376\377\000M\000o\000t\000i\000v\000a\000t\000i\000o\000n\000\040\000f\000o\000r\000\040\000R\000a\000d\000e\000m\000a\000c\000h\000e\000r\000\040\000C\000o\000m\000p\000l\000e\000x\000i\000t\000y}{section.5}% 32
\BOOKMARK [2][-]{subsection.5.2}{\376\377\000R\000a\000d\000e\000m\000a\000c\000h\000e\000r\000\040\000C\000o\000m\000p\000l\000e\000x\000i\000t\000y}{section.5}% 33
\BOOKMARK [2][-]{subsection.5.3}{\376\377\000U\000n\000i\000f\000o\000r\000m\000\040\000D\000e\000v\000i\000a\000t\000i\000o\000n\000\040\000B\000o\000u\000n\000d\000s\000\040\000f\000o\000r\000\040\000L\000i\000n\000e\000a\000r\000\040\000R\000e\000g\000r\000e\000s\000s\000i\000o\000n}{section.5}% 34
\BOOKMARK [3][-]{subsubsection.5.3.1}{\376\377\000L\000i\000p\000s\000c\000h\000i\000t\000z\000-\000c\000o\000n\000t\000i\000n\000u\000o\000u\000s\000\040\000L\000o\000s\000s\000e\000s}{subsection.5.3}% 35
\BOOKMARK [3][-]{subsubsection.5.3.2}{\376\377\000B\000a\000l\000l\000-\000c\000o\000n\000s\000t\000r\000a\000i\000n\000e\000d\000\040\000L\000i\000n\000e\000a\000r\000\040\000P\000r\000e\000d\000i\000c\000t\000i\000o\000n\000s}{subsection.5.3}% 36
\BOOKMARK [3][-]{subsubsection.5.3.3}{\376\377\000P\000u\000t\000t\000i\000n\000g\000\040\000T\000h\000i\000n\000g\000s\000\040\000T\000o\000g\000e\000t\000h\000e\000r}{subsection.5.3}% 37
\BOOKMARK [3][-]{subsubsection.5.3.4}{\376\377\000F\000r\000o\000m\000\040\000C\000o\000n\000s\000t\000r\000a\000i\000n\000e\000d\000\040\000t\000o\000\040\000R\000e\000g\000u\000l\000a\000r\000i\000z\000e\000d\000\040\000E\000s\000t\000i\000m\000a\000t\000i\000o\000n}{subsection.5.3}% 38
\BOOKMARK [2][-]{subsection.5.4}{\376\377\000G\000e\000n\000e\000r\000a\000l\000i\000z\000a\000t\000i\000o\000n\000\040\000B\000o\000u\000n\000d\000s\000\040\000f\000o\000r\000\040\000S\000V\000M}{section.5}% 39
\BOOKMARK [1][-]{section.6}{\376\377\000G\000r\000o\000w\000t\000h\000\040\000F\000u\000n\000c\000t\000i\000o\000n\000\040\000a\000n\000d\000\040\000V\000C\000-\000D\000i\000m\000e\000n\000s\000i\000o\000n}{}% 40
\BOOKMARK [2][-]{subsection.6.1}{\376\377\000G\000r\000o\000w\000t\000h\000\040\000F\000u\000n\000c\000t\000i\000o\000n}{section.6}% 41
\BOOKMARK [2][-]{subsection.6.2}{\376\377\000V\000C\000-\000d\000i\000m\000e\000n\000s\000i\000o\000n}{section.6}% 42
\BOOKMARK [2][-]{subsection.6.3}{\376\377\000L\000i\000n\000k\000\040\000G\000r\000o\000w\000t\000h\000\040\000F\000u\000n\000c\000t\000i\000o\000n\000\040\000a\000n\000d\000\040\000V\000C\000-\000d\000i\000m\000e\000n\000s\000i\000o\000n}{section.6}% 43
\BOOKMARK [2][-]{subsection.6.4}{\376\377\000L\000o\000w\000e\000r\000\040\000B\000o\000u\000n\000d\000s}{section.6}% 44
\BOOKMARK [1][-]{section.7}{\376\377\000C\000o\000v\000e\000r\000i\000n\000g\000\040\000N\000u\000m\000b\000e\000r\000\040\000a\000n\000d\000\040\000C\000h\000a\000i\000n\000i\000n\000g}{}% 45
\BOOKMARK [2][-]{subsection.7.1}{\376\377\000C\000o\000v\000e\000r\000i\000n\000g\000\040\000a\000n\000d\000\040\000P\000a\000c\000k\000i\000n\000g}{section.7}% 46
\BOOKMARK [2][-]{subsection.7.2}{\376\377\000B\000o\000u\000n\000d\000\040\000R\000a\000d\000e\000m\000a\000c\000h\000e\000r\000\040\000C\000o\000m\000p\000l\000e\000x\000i\000t\000y\000\040\000v\000i\000a\000\040\000C\000o\000v\000e\000r\000i\000n\000g\000\040\000N\000u\000m\000b\000e\000r}{section.7}% 47
\BOOKMARK [2][-]{subsection.7.3}{\376\377\000C\000h\000a\000i\000n\000i\000n\000g}{section.7}% 48
\BOOKMARK [1][-]{section.8}{\376\377\000O\000p\000t\000i\000m\000i\000z\000a\000t\000i\000o\000n\000\040\000f\000o\000r\000\040\000M\000a\000c\000h\000i\000n\000e\000\040\000L\000e\000a\000r\000n\000i\000n\000g}{}% 49
\BOOKMARK [2][-]{subsection.8.1}{\376\377\000O\000p\000t\000i\000m\000i\000z\000a\000t\000i\000o\000n\000\040\000i\000n\000\040\000M\000a\000c\000h\000i\000n\000e\000\040\000L\000e\000a\000r\000n\000i\000n\000g}{section.8}% 50
\BOOKMARK [2][-]{subsection.8.2}{\376\377\000G\000r\000a\000d\000i\000e\000n\000t\000\040\000D\000e\000s\000c\000e\000n\000t\000\040\000o\000n\000\040\000S\000m\000o\000o\000t\000h\000\040\000P\000r\000o\000b\000l\000e\000m\000s}{section.8}% 51
\BOOKMARK [3][-]{subsubsection.8.2.1}{\376\377\000A\000n\000a\000l\000y\000s\000i\000s\000\040\000o\000f\000\040\000G\000D\000\040\000f\000o\000r\000\040\000o\000r\000d\000i\000n\000a\000r\000y\000\040\000l\000e\000a\000s\000t\000\040\000s\000q\000u\000a\000r\000e\000s}{subsection.8.2}% 52
\BOOKMARK [3][-]{subsubsection.8.2.2}{\376\377\000A\000n\000a\000l\000y\000s\000i\000s\000\040\000o\000f\000\040\000G\000D\000\040\000f\000o\000r\000\040\000s\000t\000r\000o\000n\000g\000l\000y\000\040\000a\000n\000d\000\040\000s\000m\000o\000o\000t\000h\000\040\000f\000u\000n\000c\000t\000i\000o\000n\000s}{subsection.8.2}% 53
\BOOKMARK [3][-]{subsubsection.8.2.3}{\376\377\000A\000n\000a\000l\000y\000s\000i\000s\000\040\000o\000f\000\040\000G\000D\000\040\000f\000o\000r\000\040\000c\000o\000n\000v\000e\000x\000\040\000a\000n\000d\000\040\000s\000m\000o\000o\000t\000h\000\040\000f\000u\000n\000c\000t\000i\000o\000n\000s}{subsection.8.2}% 54
\BOOKMARK [3][-]{subsubsection.8.2.4}{\376\377\000B\000e\000y\000o\000n\000d\000\040\000G\000r\000a\000d\000i\000e\000n\000t\000\040\000D\000e\000s\000c\000e\000n\000t}{subsection.8.2}% 55
\BOOKMARK [2][-]{subsection.8.3}{\376\377\000G\000r\000a\000d\000i\000e\000n\000t\000\040\000M\000e\000t\000h\000o\000d\000s\000\040\000o\000n\000\040\000N\000o\000n\000-\000s\000m\000o\000o\000t\000h\000\040\000P\000r\000o\000b\000l\000e\000m\000s}{section.8}% 56
\BOOKMARK [2][-]{subsection.8.4}{\376\377\000S\000t\000o\000c\000h\000a\000s\000t\000i\000c\000\040\000G\000r\000a\000d\000i\000e\000n\000t\000\040\000D\000e\000s\000c\000e\000n\000t}{section.8}% 57
\BOOKMARK [1][-]{section.9}{\376\377\000K\000e\000r\000n\000e\000l\000\040\000M\000e\000t\000h\000o\000d\000s}{}% 58
\BOOKMARK [2][-]{subsection.9.1}{\376\377\000M\000o\000t\000i\000v\000a\000t\000i\000n\000g\000\040\000E\000x\000a\000m\000p\000l\000e\000\040\000t\000o\000\040\000K\000e\000r\000n\000e\000l\000\040\000F\000u\000n\000c\000t\000i\000o\000n}{section.9}% 59
\BOOKMARK [2][-]{subsection.9.2}{\376\377\000R\000e\000p\000r\000o\000d\000u\000c\000i\000n\000g\000\040\000K\000e\000r\000n\000e\000l\000\040\000H\000i\000l\000b\000e\000r\000t\000\040\000S\000p\000a\000c\000e}{section.9}% 60
\BOOKMARK [3][-]{subsubsection.9.2.1}{\376\377\000H\000i\000l\000b\000e\000r\000t\000\040\000S\000p\000a\000c\000e}{subsection.9.2}% 61
\BOOKMARK [3][-]{subsubsection.9.2.2}{\376\377\000P\000o\000s\000i\000t\000i\000v\000e\000\040\000S\000e\000m\000i\000d\000e\000f\000i\000n\000i\000t\000e\000\040\000K\000e\000r\000n\000e\000l\000\040\000F\000u\000n\000c\000t\000i\000o\000n\000s}{subsection.9.2}% 62
\BOOKMARK [3][-]{subsubsection.9.2.3}{\376\377\000C\000o\000n\000s\000t\000r\000u\000c\000t\000i\000n\000g\000\040\000a\000n\000\040\000R\000K\000H\000S\000\040\000f\000r\000o\000m\000\040\000a\000\040\000K\000e\000r\000n\000e\000l}{subsection.9.2}% 63
\BOOKMARK [3][-]{subsubsection.9.2.4}{\376\377\000A\000l\000t\000e\000r\000n\000a\000t\000i\000v\000e\000\040\000W\000a\000y\000\040\000t\000o\000\040\000C\000o\000n\000s\000t\000r\000u\000c\000t\000\040\000R\000K\000H\000S}{subsection.9.2}% 64
\BOOKMARK [2][-]{subsection.9.3}{\376\377\000A\000l\000g\000o\000r\000i\000t\000h\000m\000s}{section.9}% 65
\BOOKMARK [1][-]{section.10}{\376\377\000L\000o\000c\000a\000l\000\040\000A\000v\000e\000r\000a\000g\000i\000n\000g\000\040\000M\000e\000t\000h\000o\000d\000s}{}% 66
\BOOKMARK [2][-]{subsection.10.1}{\376\377\000Q\000u\000i\000c\000k\000\040\000R\000e\000v\000i\000e\000w}{section.10}% 67
\BOOKMARK [2][-]{subsection.10.2}{\376\377\000L\000o\000c\000a\000l\000\040\000A\000v\000e\000r\000a\000g\000i\000n\000g\000\040\000M\000e\000t\000h\000o\000d\000s}{section.10}% 68
\BOOKMARK [2][-]{subsection.10.3}{\376\377\000L\000i\000n\000e\000a\000r\000\040\000E\000s\000t\000i\000m\000a\000t\000o\000r\000s}{section.10}% 69
\BOOKMARK [3][-]{subsubsection.10.3.1}{\376\377\000P\000a\000r\000t\000i\000t\000i\000o\000n\000\040\000E\000s\000t\000i\000m\000a\000t\000o\000r\000s}{subsection.10.3}% 70
\BOOKMARK [3][-]{subsubsection.10.3.2}{\376\377\000N\000e\000a\000r\000e\000s\000t\000-\000N\000e\000i\000g\000h\000b\000o\000r\000s}{subsection.10.3}% 71
\BOOKMARK [3][-]{subsubsection.10.3.3}{\376\377\000N\000a\000d\000a\000r\000a\000y\000a\000-\000W\000a\000t\000s\000o\000n\000\040\000E\000s\000t\000i\000m\000a\000t\000o\000r\000\040\000\050\000K\000e\000r\000n\000e\000l\000\040\000R\000e\000g\000r\000e\000s\000s\000i\000o\000n\000\051}{subsection.10.3}% 72
\BOOKMARK [2][-]{subsection.10.4}{\376\377\000G\000e\000n\000e\000r\000i\000c\000\040\000C\000o\000n\000s\000i\000s\000t\000e\000n\000c\000y\000\040\000A\000n\000a\000l\000y\000s\000i\000s}{section.10}% 73
\BOOKMARK [3][-]{subsubsection.10.4.1}{\376\377\000F\000i\000x\000e\000d\000\040\000P\000a\000r\000t\000i\000t\000i\000o\000n}{subsection.10.4}% 74
\BOOKMARK [3][-]{subsubsection.10.4.2}{\376\377\000K\000-\000n\000e\000a\000r\000e\000s\000t\000\040\000N\000e\000i\000g\000h\000b\000o\000r\000s}{subsection.10.4}% 75
\BOOKMARK [3][-]{subsubsection.10.4.3}{\376\377\000K\000e\000r\000n\000e\000l\000\040\000R\000e\000g\000r\000e\000s\000s\000i\000o\000n}{subsection.10.4}% 76
\BOOKMARK [2][-]{subsection.10.5}{\376\377\000U\000n\000i\000v\000e\000r\000s\000a\000l\000\040\000C\000o\000n\000s\000i\000s\000t\000e\000n\000c\000y}{section.10}% 77
\BOOKMARK [1][-]{section.11}{\376\377\000S\000p\000a\000r\000s\000e\000\040\000M\000e\000t\000h\000o\000d\000s}{}% 78
\BOOKMARK [1][-]{section.12}{\376\377\000N\000e\000u\000r\000a\000l\000\040\000N\000e\000t\000w\000o\000r\000k\000s}{}% 79
\BOOKMARK [1][-]{section*.28}{\376\377\000A\000p\000p\000e\000n\000d\000i\000c\000e\000s}{}% 80
\BOOKMARK [1][-]{appendix.1.A}{\376\377\000N\000o\000r\000m\000s}{}% 81
\BOOKMARK [2][-]{subsection.1.A.1}{\376\377\000N\000o\000r\000m\000s}{appendix.1.A}% 82
\BOOKMARK [2][-]{subsection.1.A.2}{\376\377\000E\000x\000a\000m\000p\000l\000e\000s\000\040\000o\000f\000\040\000N\000o\000r\000m}{appendix.1.A}% 83
\BOOKMARK [2][-]{subsection.1.A.3}{\376\377\000E\000q\000u\000i\000v\000a\000l\000e\000n\000c\000e\000\040\000o\000f\000\040\000N\000o\000r\000m\000s}{appendix.1.A}% 84
\BOOKMARK [2][-]{subsection.1.A.4}{\376\377\000O\000p\000e\000r\000a\000t\000o\000r\000\040\000N\000o\000r\000m\000s}{appendix.1.A}% 85
\BOOKMARK [1][-]{appendix.1.B}{\376\377\000P\000r\000o\000b\000a\000b\000i\000l\000i\000t\000y\000\040\000T\000h\000e\000o\000r\000y}{}% 86
\BOOKMARK [2][-]{subsection.1.B.1}{\376\377\000I\000n\000d\000e\000p\000e\000n\000d\000e\000n\000c\000e}{appendix.1.B}% 87
\BOOKMARK [2][-]{subsection.1.B.2}{\376\377\000E\000x\000p\000e\000c\000t\000a\000t\000i\000o\000n\000s}{appendix.1.B}% 88
\BOOKMARK [2][-]{subsection.1.B.3}{\376\377\000C\000o\000n\000v\000e\000r\000g\000e\000n\000c\000e\000s}{appendix.1.B}% 89
\BOOKMARK [1][-]{appendix.1.C}{\376\377\000C\000o\000n\000c\000e\000n\000t\000r\000a\000t\000i\000o\000n\000\040\000o\000f\000\040\000M\000e\000a\000s\000u\000r\000e}{}% 90
\BOOKMARK [2][-]{subsection.1.C.1}{\376\377\000M\000a\000r\000k\000o\000v\000\040\000I\000n\000e\000q\000u\000a\000l\000i\000t\000y}{appendix.1.C}% 91
\BOOKMARK [2][-]{subsection.1.C.2}{\376\377\000C\000h\000e\000b\000y\000s\000h\000e\000v\000\040\000I\000n\000e\000q\000u\000a\000l\000i\000t\000y}{appendix.1.C}% 92
\BOOKMARK [2][-]{subsection.1.C.3}{\376\377\000C\000h\000e\000r\000n\000o\000f\000f\000'\000s\000\040\000M\000e\000t\000h\000o\000d\000s}{appendix.1.C}% 93
\BOOKMARK [2][-]{subsection.1.C.4}{\376\377\000H\000o\000e\000f\000f\000d\000i\000n\000g\000'\000s\000\040\000I\000n\000e\000q\000u\000a\000l\000i\000t\000y}{appendix.1.C}% 94
\BOOKMARK [2][-]{subsection.1.C.5}{\376\377\000B\000e\000r\000n\000s\000t\000e\000i\000n\000'\000s\000\040\000I\000n\000e\000q\000u\000a\000l\000i\000t\000y}{appendix.1.C}% 95
\BOOKMARK [2][-]{subsection.1.C.6}{\376\377\000M\000c\000D\000i\000a\000r\000m\000i\000d\000'\000s\000\040\000I\000n\000e\000q\000u\000a\000l\000i\000t\000y}{appendix.1.C}% 96
\BOOKMARK [2][-]{subsection.1.C.7}{\376\377\000E\000x\000p\000e\000c\000t\000a\000t\000i\000o\000n\000\040\000o\000f\000\040\000t\000h\000e\000\040\000M\000a\000x\000i\000m\000u\000m}{appendix.1.C}% 97
\BOOKMARK [1][-]{appendix.1.D}{\376\377\000C\000o\000n\000c\000e\000n\000t\000r\000a\000t\000i\000o\000n\000\040\000f\000o\000r\000\040\000M\000a\000t\000r\000i\000c\000e\000s}{}% 98
\BOOKMARK [2][-]{subsection.1.D.1}{\376\377\000M\000a\000t\000r\000i\000x\000\040\000A\000n\000a\000l\000y\000s\000i\000s}{appendix.1.D}% 99
\BOOKMARK [3][-]{subsubsection.1.D.1.1}{\376\377\000M\000a\000t\000r\000i\000x\000\040\000F\000u\000n\000c\000t\000i\000o\000n\000s}{subsection.1.D.1}% 100
\BOOKMARK [3][-]{subsubsection.1.D.1.2}{\376\377\000M\000a\000t\000r\000i\000x\000\040\000E\000x\000p\000o\000n\000e\000n\000t\000i\000a\000l}{subsection.1.D.1}% 101
\BOOKMARK [3][-]{subsubsection.1.D.1.3}{\376\377\000M\000a\000t\000r\000i\000x\000\040\000L\000o\000g\000a\000r\000i\000t\000h\000m}{subsection.1.D.1}% 102
\BOOKMARK [3][-]{subsubsection.1.D.1.4}{\376\377\000E\000x\000p\000e\000c\000t\000a\000t\000i\000o\000n\000\040\000a\000n\000d\000\040\000t\000h\000e\000\040\000S\000e\000m\000i\000d\000e\000f\000i\000n\000i\000t\000e\000\040\000O\000r\000d\000e\000r}{subsection.1.D.1}% 103
\BOOKMARK [3][-]{subsubsection.1.D.1.5}{\376\377\000M\000a\000t\000r\000i\000x\000\040\000M\000a\000r\000t\000i\000n\000g\000a\000l\000e\000s}{subsection.1.D.1}% 104
\BOOKMARK [2][-]{subsection.1.D.2}{\376\377\000T\000a\000i\000l\000\040\000B\000o\000u\000n\000d\000s\000\040\000v\000i\000a\000\040\000t\000h\000e\000\040\000M\000a\000t\000r\000i\000x\000\040\000L\000a\000p\000l\000a\000c\000e\000\040\000T\000r\000a\000n\000s\000f\000o\000r\000m\000\040\000M\000e\000t\000h\000o\000d}{appendix.1.D}% 105
\BOOKMARK [3][-]{subsubsection.1.D.2.1}{\376\377\000M\000a\000t\000r\000i\000x\000\040\000M\000o\000m\000e\000n\000t\000s\000\040\000a\000n\000d\000\040\000C\000u\000m\000u\000l\000a\000n\000t\000s}{subsection.1.D.2}% 106
\BOOKMARK [3][-]{subsubsection.1.D.2.2}{\376\377\000L\000a\000p\000l\000a\000c\000e\000\040\000T\000r\000a\000n\000s\000f\000o\000r\000m\000\040\000M\000e\000t\000h\000o\000d}{subsection.1.D.2}% 107
\BOOKMARK [3][-]{subsubsection.1.D.2.3}{\376\377\000F\000a\000i\000l\000u\000r\000e\000\040\000o\000f\000\040\000t\000h\000e\000\040\000M\000a\000t\000r\000i\000x\000\040\000M\000G\000F}{subsection.1.D.2}% 108
\BOOKMARK [3][-]{subsubsection.1.D.2.4}{\376\377\000A\000\040\000C\000o\000n\000c\000a\000v\000e\000\040\000T\000r\000a\000c\000e\000\040\000F\000u\000n\000c\000t\000i\000o\000n}{subsection.1.D.2}% 109
\BOOKMARK [3][-]{subsubsection.1.D.2.5}{\376\377\000S\000u\000b\000a\000d\000d\000i\000t\000i\000v\000i\000t\000y\000\040\000o\000f\000\040\000t\000h\000e\000\040\000M\000a\000t\000r\000i\000x\000\040\000C\000G\000F}{subsection.1.D.2}% 110
\BOOKMARK [3][-]{subsubsection.1.D.2.6}{\376\377\000T\000a\000i\000l\000\040\000B\000o\000u\000n\000d\000s\000\040\000o\000f\000\040\000I\000n\000d\000e\000p\000e\000n\000d\000e\000n\000t\000\040\000S\000u\000m\000s}{subsection.1.D.2}% 111
\BOOKMARK [2][-]{subsection.1.D.3}{\376\377\000M\000a\000t\000r\000i\000x\000\040\000G\000a\000u\000s\000s\000i\000a\000n\000\040\000a\000n\000d\000\040\000R\000a\000d\000e\000m\000a\000c\000h\000e\000r}{appendix.1.D}% 112
\BOOKMARK [2][-]{subsection.1.D.4}{\376\377\000M\000a\000t\000r\000i\000x\000\040\000B\000e\000n\000n\000e\000t\000t\000\040\000a\000n\000d\000\040\000B\000e\000r\000n\000s\000t\000e\000i\000n\000\040\000B\000o\000u\000n\000d\000s}{appendix.1.D}% 113
\BOOKMARK [2][-]{subsection.1.D.5}{\376\377\000M\000a\000t\000r\000i\000x\000\040\000H\000o\000e\000f\000f\000d\000i\000n\000g\000\040\000a\000n\000d\000\040\000A\000z\000u\000m\000a\000\040\000a\000n\000d\000\040\000M\000c\000D\000i\000a\000r\000m\000i\000d}{appendix.1.D}% 114
